[28-May-2025 21:00:26 UTC] PHP Notice:  Function wpdb::prepare was called <strong>incorrectly</strong>. The query argument of wpdb::prepare() must have a placeholder. Please see <a href="https://developer.wordpress.org/advanced-administration/debug/debug-wordpress/">Debugging in WordPress</a> for more information. (This message was added in version 3.9.0.) in C:\Users\rahee\Local Sites\securepress-test\app\public\wp-includes\functions.php on line 6121
[28-May-2025 21:02:45 UTC] Automatic updates starting...
[28-May-2025 21:02:47 UTC] Automatic updates complete.
[28-May-2025 21:08:44 UTC] PHP Fatal error:  Uncaught Error: Class "SecureSphere_Backup" not found in C:\Users\rahee\Local Sites\securepress-test\app\public\wp-content\plugins\SecureSphere\SecureSphere.php:196
Stack trace:
#0 C:\Users\rahee\Local Sites\securepress-test\app\public\wp-content\plugins\SecureSphere\SecureSphere.php(157): SecureSphere->init_modules()
#1 C:\Users\rahee\Local Sites\securepress-test\app\public\wp-content\plugins\SecureSphere\SecureSphere.php(119): SecureSphere->init_hooks()
#2 C:\Users\rahee\Local Sites\securepress-test\app\public\wp-content\plugins\SecureSphere\SecureSphere.php(112): SecureSphere->__construct()
#3 C:\Users\rahee\Local Sites\securepress-test\app\public\wp-content\plugins\SecureSphere\SecureSphere.php(519): SecureSphere::init()
#4 C:\Users\rahee\Local Sites\securepress-test\app\public\wp-settings.php(545): include_once('C:\\Users\\rahee\\...')
#5 C:\Users\rahee\Local Sites\securepress-test\app\public\wp-config.php(97): require_once('C:\\Users\\rahee\\...')
#6 C:\Users\rahee\Local Sites\securepress-test\app\public\wp-load.php(50): require_once('C:\\Users\\rahee\\...')
#7 C:\Users\rahee\Local Sites\securepress-test\app\public\wp-admin\admin-ajax.php(22): require_once('C:\\Users\\rahee\\...')
#8 {main}
  thrown in C:\Users\rahee\Local Sites\securepress-test\app\public\wp-content\plugins\SecureSphere\SecureSphere.php on line 196
[28-May-2025 21:08:46 UTC] PHP Fatal error:  Uncaught Error: Class "SecureSphere_Backup" not found in C:\Users\rahee\Local Sites\securepress-test\app\public\wp-content\plugins\SecureSphere\SecureSphere.php:196
Stack trace:
#0 C:\Users\rahee\Local Sites\securepress-test\app\public\wp-content\plugins\SecureSphere\SecureSphere.php(157): SecureSphere->init_modules()
#1 C:\Users\rahee\Local Sites\securepress-test\app\public\wp-content\plugins\SecureSphere\SecureSphere.php(119): SecureSphere->init_hooks()
#2 C:\Users\rahee\Local Sites\securepress-test\app\public\wp-content\plugins\SecureSphere\SecureSphere.php(112): SecureSphere->__construct()
#3 C:\Users\rahee\Local Sites\securepress-test\app\public\wp-content\plugins\SecureSphere\SecureSphere.php(519): SecureSphere::init()
#4 C:\Users\rahee\Local Sites\securepress-test\app\public\wp-settings.php(545): include_once('C:\\Users\\rahee\\...')
#5 C:\Users\rahee\Local Sites\securepress-test\app\public\wp-config.php(97): require_once('C:\\Users\\rahee\\...')
#6 C:\Users\rahee\Local Sites\securepress-test\app\public\wp-load.php(50): require_once('C:\\Users\\rahee\\...')
#7 C:\Users\rahee\Local Sites\securepress-test\app\public\wp-admin\admin.php(35): require_once('C:\\Users\\rahee\\...')
#8 {main}
  thrown in C:\Users\rahee\Local Sites\securepress-test\app\public\wp-content\plugins\SecureSphere\SecureSphere.php on line 196
[28-May-2025 21:08:46 UTC] PHP Fatal error:  Uncaught Error: Class "SecureSphere_Backup" not found in C:\Users\rahee\Local Sites\securepress-test\app\public\wp-content\plugins\SecureSphere\SecureSphere.php:196
Stack trace:
#0 C:\Users\rahee\Local Sites\securepress-test\app\public\wp-content\plugins\SecureSphere\SecureSphere.php(157): SecureSphere->init_modules()
#1 C:\Users\rahee\Local Sites\securepress-test\app\public\wp-content\plugins\SecureSphere\SecureSphere.php(119): SecureSphere->init_hooks()
#2 C:\Users\rahee\Local Sites\securepress-test\app\public\wp-content\plugins\SecureSphere\SecureSphere.php(112): SecureSphere->__construct()
#3 C:\Users\rahee\Local Sites\securepress-test\app\public\wp-content\plugins\SecureSphere\SecureSphere.php(519): SecureSphere::init()
#4 C:\Users\rahee\Local Sites\securepress-test\app\public\wp-settings.php(545): include_once('C:\\Users\\rahee\\...')
#5 C:\Users\rahee\Local Sites\securepress-test\app\public\wp-config.php(97): require_once('C:\\Users\\rahee\\...')
#6 C:\Users\rahee\Local Sites\securepress-test\app\public\wp-load.php(50): require_once('C:\\Users\\rahee\\...')
#7 C:\Users\rahee\Local Sites\securepress-test\app\public\wp-blog-header.php(13): require_once('C:\\Users\\rahee\\...')
#8 C:\Users\rahee\Local Sites\securepress-test\app\public\index.php(17): require('C:\\Users\\rahee\\...')
#9 {main}
  thrown in C:\Users\rahee\Local Sites\securepress-test\app\public\wp-content\plugins\SecureSphere\SecureSphere.php on line 196
[28-May-2025 21:08:47 UTC] PHP Fatal error:  Uncaught Error: Class "SecureSphere_Backup" not found in C:\Users\rahee\Local Sites\securepress-test\app\public\wp-content\plugins\SecureSphere\SecureSphere.php:196
Stack trace:
#0 C:\Users\rahee\Local Sites\securepress-test\app\public\wp-content\plugins\SecureSphere\SecureSphere.php(157): SecureSphere->init_modules()
#1 C:\Users\rahee\Local Sites\securepress-test\app\public\wp-content\plugins\SecureSphere\SecureSphere.php(119): SecureSphere->init_hooks()
#2 C:\Users\rahee\Local Sites\securepress-test\app\public\wp-content\plugins\SecureSphere\SecureSphere.php(112): SecureSphere->__construct()
#3 C:\Users\rahee\Local Sites\securepress-test\app\public\wp-content\plugins\SecureSphere\SecureSphere.php(519): SecureSphere::init()
#4 C:\Users\rahee\Local Sites\securepress-test\app\public\wp-settings.php(545): include_once('C:\\Users\\rahee\\...')
#5 C:\Users\rahee\Local Sites\securepress-test\app\public\wp-config.php(97): require_once('C:\\Users\\rahee\\...')
#6 C:\Users\rahee\Local Sites\securepress-test\app\public\wp-load.php(50): require_once('C:\\Users\\rahee\\...')
#7 C:\Users\rahee\Local Sites\securepress-test\app\public\wp-admin\admin.php(35): require_once('C:\\Users\\rahee\\...')
#8 {main}
  thrown in C:\Users\rahee\Local Sites\securepress-test\app\public\wp-content\plugins\SecureSphere\SecureSphere.php on line 196
[28-May-2025 21:08:47 UTC] PHP Fatal error:  Uncaught Error: Class "SecureSphere_Backup" not found in C:\Users\rahee\Local Sites\securepress-test\app\public\wp-content\plugins\SecureSphere\SecureSphere.php:196
Stack trace:
#0 C:\Users\rahee\Local Sites\securepress-test\app\public\wp-content\plugins\SecureSphere\SecureSphere.php(157): SecureSphere->init_modules()
#1 C:\Users\rahee\Local Sites\securepress-test\app\public\wp-content\plugins\SecureSphere\SecureSphere.php(119): SecureSphere->init_hooks()
#2 C:\Users\rahee\Local Sites\securepress-test\app\public\wp-content\plugins\SecureSphere\SecureSphere.php(112): SecureSphere->__construct()
#3 C:\Users\rahee\Local Sites\securepress-test\app\public\wp-content\plugins\SecureSphere\SecureSphere.php(519): SecureSphere::init()
#4 C:\Users\rahee\Local Sites\securepress-test\app\public\wp-settings.php(545): include_once('C:\\Users\\rahee\\...')
#5 C:\Users\rahee\Local Sites\securepress-test\app\public\wp-config.php(97): require_once('C:\\Users\\rahee\\...')
#6 C:\Users\rahee\Local Sites\securepress-test\app\public\wp-load.php(50): require_once('C:\\Users\\rahee\\...')
#7 C:\Users\rahee\Local Sites\securepress-test\app\public\wp-blog-header.php(13): require_once('C:\\Users\\rahee\\...')
#8 C:\Users\rahee\Local Sites\securepress-test\app\public\index.php(17): require('C:\\Users\\rahee\\...')
#9 {main}
  thrown in C:\Users\rahee\Local Sites\securepress-test\app\public\wp-content\plugins\SecureSphere\SecureSphere.php on line 196
[28-May-2025 21:08:48 UTC] PHP Fatal error:  Uncaught Error: Class "SecureSphere_Backup" not found in C:\Users\rahee\Local Sites\securepress-test\app\public\wp-content\plugins\SecureSphere\SecureSphere.php:196
Stack trace:
#0 C:\Users\rahee\Local Sites\securepress-test\app\public\wp-content\plugins\SecureSphere\SecureSphere.php(157): SecureSphere->init_modules()
#1 C:\Users\rahee\Local Sites\securepress-test\app\public\wp-content\plugins\SecureSphere\SecureSphere.php(119): SecureSphere->init_hooks()
#2 C:\Users\rahee\Local Sites\securepress-test\app\public\wp-content\plugins\SecureSphere\SecureSphere.php(112): SecureSphere->__construct()
#3 C:\Users\rahee\Local Sites\securepress-test\app\public\wp-content\plugins\SecureSphere\SecureSphere.php(519): SecureSphere::init()
#4 C:\Users\rahee\Local Sites\securepress-test\app\public\wp-settings.php(545): include_once('C:\\Users\\rahee\\...')
#5 C:\Users\rahee\Local Sites\securepress-test\app\public\wp-config.php(97): require_once('C:\\Users\\rahee\\...')
#6 C:\Users\rahee\Local Sites\securepress-test\app\public\wp-load.php(50): require_once('C:\\Users\\rahee\\...')
#7 C:\Users\rahee\Local Sites\securepress-test\app\public\wp-admin\admin.php(35): require_once('C:\\Users\\rahee\\...')
#8 {main}
  thrown in C:\Users\rahee\Local Sites\securepress-test\app\public\wp-content\plugins\SecureSphere\SecureSphere.php on line 196
[28-May-2025 21:08:48 UTC] PHP Fatal error:  Uncaught Error: Class "SecureSphere_Backup" not found in C:\Users\rahee\Local Sites\securepress-test\app\public\wp-content\plugins\SecureSphere\SecureSphere.php:196
Stack trace:
#0 C:\Users\rahee\Local Sites\securepress-test\app\public\wp-content\plugins\SecureSphere\SecureSphere.php(157): SecureSphere->init_modules()
#1 C:\Users\rahee\Local Sites\securepress-test\app\public\wp-content\plugins\SecureSphere\SecureSphere.php(119): SecureSphere->init_hooks()
#2 C:\Users\rahee\Local Sites\securepress-test\app\public\wp-content\plugins\SecureSphere\SecureSphere.php(112): SecureSphere->__construct()
#3 C:\Users\rahee\Local Sites\securepress-test\app\public\wp-content\plugins\SecureSphere\SecureSphere.php(519): SecureSphere::init()
#4 C:\Users\rahee\Local Sites\securepress-test\app\public\wp-settings.php(545): include_once('C:\\Users\\rahee\\...')
#5 C:\Users\rahee\Local Sites\securepress-test\app\public\wp-config.php(97): require_once('C:\\Users\\rahee\\...')
#6 C:\Users\rahee\Local Sites\securepress-test\app\public\wp-load.php(50): require_once('C:\\Users\\rahee\\...')
#7 C:\Users\rahee\Local Sites\securepress-test\app\public\wp-blog-header.php(13): require_once('C:\\Users\\rahee\\...')
#8 C:\Users\rahee\Local Sites\securepress-test\app\public\index.php(17): require('C:\\Users\\rahee\\...')
#9 {main}
  thrown in C:\Users\rahee\Local Sites\securepress-test\app\public\wp-content\plugins\SecureSphere\SecureSphere.php on line 196
[28-May-2025 21:09:04 UTC] PHP Fatal error:  Uncaught Error: Class "SecureSphere_Backup" not found in C:\Users\rahee\Local Sites\securepress-test\app\public\wp-content\plugins\SecureSphere\SecureSphere.php:196
Stack trace:
#0 C:\Users\rahee\Local Sites\securepress-test\app\public\wp-content\plugins\SecureSphere\SecureSphere.php(157): SecureSphere->init_modules()
#1 C:\Users\rahee\Local Sites\securepress-test\app\public\wp-content\plugins\SecureSphere\SecureSphere.php(119): SecureSphere->init_hooks()
#2 C:\Users\rahee\Local Sites\securepress-test\app\public\wp-content\plugins\SecureSphere\SecureSphere.php(112): SecureSphere->__construct()
#3 C:\Users\rahee\Local Sites\securepress-test\app\public\wp-content\plugins\SecureSphere\SecureSphere.php(519): SecureSphere::init()
#4 C:\Users\rahee\Local Sites\securepress-test\app\public\wp-settings.php(545): include_once('C:\\Users\\rahee\\...')
#5 C:\Users\rahee\Local Sites\securepress-test\app\public\wp-config.php(97): require_once('C:\\Users\\rahee\\...')
#6 C:\Users\rahee\Local Sites\securepress-test\app\public\wp-load.php(50): require_once('C:\\Users\\rahee\\...')
#7 C:\Users\rahee\Local Sites\securepress-test\app\public\wp-admin\admin.php(35): require_once('C:\\Users\\rahee\\...')
#8 {main}
  thrown in C:\Users\rahee\Local Sites\securepress-test\app\public\wp-content\plugins\SecureSphere\SecureSphere.php on line 196
[28-May-2025 21:09:05 UTC] PHP Fatal error:  Uncaught Error: Class "SecureSphere_Backup" not found in C:\Users\rahee\Local Sites\securepress-test\app\public\wp-content\plugins\SecureSphere\SecureSphere.php:196
Stack trace:
#0 C:\Users\rahee\Local Sites\securepress-test\app\public\wp-content\plugins\SecureSphere\SecureSphere.php(157): SecureSphere->init_modules()
#1 C:\Users\rahee\Local Sites\securepress-test\app\public\wp-content\plugins\SecureSphere\SecureSphere.php(119): SecureSphere->init_hooks()
#2 C:\Users\rahee\Local Sites\securepress-test\app\public\wp-content\plugins\SecureSphere\SecureSphere.php(112): SecureSphere->__construct()
#3 C:\Users\rahee\Local Sites\securepress-test\app\public\wp-content\plugins\SecureSphere\SecureSphere.php(519): SecureSphere::init()
#4 C:\Users\rahee\Local Sites\securepress-test\app\public\wp-settings.php(545): include_once('C:\\Users\\rahee\\...')
#5 C:\Users\rahee\Local Sites\securepress-test\app\public\wp-config.php(97): require_once('C:\\Users\\rahee\\...')
#6 C:\Users\rahee\Local Sites\securepress-test\app\public\wp-load.php(50): require_once('C:\\Users\\rahee\\...')
#7 C:\Users\rahee\Local Sites\securepress-test\app\public\wp-blog-header.php(13): require_once('C:\\Users\\rahee\\...')
#8 C:\Users\rahee\Local Sites\securepress-test\app\public\index.php(17): require('C:\\Users\\rahee\\...')
#9 {main}
  thrown in C:\Users\rahee\Local Sites\securepress-test\app\public\wp-content\plugins\SecureSphere\SecureSphere.php on line 196
[28-May-2025 21:13:47 UTC] PHP Fatal error:  Cannot redeclare SecureSphere_LoginSecurity::log_failed_login() in C:\Users\rahee\Local Sites\securepress-test\app\public\wp-content\plugins\SecureSphere\inc\auth\LoginSecurity.php on line 434
[28-May-2025 21:13:48 UTC] PHP Fatal error:  Cannot redeclare SecureSphere_LoginSecurity::log_failed_login() in C:\Users\rahee\Local Sites\securepress-test\app\public\wp-content\plugins\SecureSphere\inc\auth\LoginSecurity.php on line 434
[28-May-2025 21:13:49 UTC] PHP Fatal error:  Cannot redeclare SecureSphere_LoginSecurity::log_failed_login() in C:\Users\rahee\Local Sites\securepress-test\app\public\wp-content\plugins\SecureSphere\inc\auth\LoginSecurity.php on line 434
[28-May-2025 21:13:49 UTC] PHP Fatal error:  Cannot redeclare SecureSphere_LoginSecurity::log_failed_login() in C:\Users\rahee\Local Sites\securepress-test\app\public\wp-content\plugins\SecureSphere\inc\auth\LoginSecurity.php on line 434
[28-May-2025 21:13:49 UTC] PHP Fatal error:  Cannot redeclare SecureSphere_LoginSecurity::log_failed_login() in C:\Users\rahee\Local Sites\securepress-test\app\public\wp-content\plugins\SecureSphere\inc\auth\LoginSecurity.php on line 434
[28-May-2025 21:13:49 UTC] PHP Fatal error:  Cannot redeclare SecureSphere_LoginSecurity::log_failed_login() in C:\Users\rahee\Local Sites\securepress-test\app\public\wp-content\plugins\SecureSphere\inc\auth\LoginSecurity.php on line 434
[28-May-2025 21:13:54 UTC] PHP Fatal error:  Cannot redeclare SecureSphere_LoginSecurity::log_failed_login() in C:\Users\rahee\Local Sites\securepress-test\app\public\wp-content\plugins\SecureSphere\inc\auth\LoginSecurity.php on line 434
[28-May-2025 21:13:54 UTC] PHP Fatal error:  Cannot redeclare SecureSphere_LoginSecurity::log_failed_login() in C:\Users\rahee\Local Sites\securepress-test\app\public\wp-content\plugins\SecureSphere\inc\auth\LoginSecurity.php on line 434
[28-May-2025 21:21:00 UTC] PHP Notice:  Function WP_User_Query::query was called <strong>incorrectly</strong>. User queries should not be run before the <code>plugins_loaded</code> hook. Please see <a href="https://developer.wordpress.org/advanced-administration/debug/debug-wordpress/">Debugging in WordPress</a> for more information. (This message was added in version 6.1.1.) in C:\Users\rahee\Local Sites\securepress-test\app\public\wp-includes\functions.php on line 6121
[28-May-2025 21:21:00 UTC] PHP Notice:  Function WP_User_Query::query was called <strong>incorrectly</strong>. User queries should not be run before the <code>plugins_loaded</code> hook. Please see <a href="https://developer.wordpress.org/advanced-administration/debug/debug-wordpress/">Debugging in WordPress</a> for more information. (This message was added in version 6.1.1.) in C:\Users\rahee\Local Sites\securepress-test\app\public\wp-includes\functions.php on line 6121
[28-May-2025 21:21:00 UTC] PHP Notice:  Function WP_User_Query::query was called <strong>incorrectly</strong>. User queries should not be run before the <code>plugins_loaded</code> hook. Please see <a href="https://developer.wordpress.org/advanced-administration/debug/debug-wordpress/">Debugging in WordPress</a> for more information. (This message was added in version 6.1.1.) in C:\Users\rahee\Local Sites\securepress-test\app\public\wp-includes\functions.php on line 6121
[28-May-2025 21:21:00 UTC] PHP Notice:  Function WP_User_Query::query was called <strong>incorrectly</strong>. User queries should not be run before the <code>plugins_loaded</code> hook. Please see <a href="https://developer.wordpress.org/advanced-administration/debug/debug-wordpress/">Debugging in WordPress</a> for more information. (This message was added in version 6.1.1.) in C:\Users\rahee\Local Sites\securepress-test\app\public\wp-includes\functions.php on line 6121
[28-May-2025 21:21:16 UTC] PHP Notice:  Function WP_User_Query::query was called <strong>incorrectly</strong>. User queries should not be run before the <code>plugins_loaded</code> hook. Please see <a href="https://developer.wordpress.org/advanced-administration/debug/debug-wordpress/">Debugging in WordPress</a> for more information. (This message was added in version 6.1.1.) in C:\Users\rahee\Local Sites\securepress-test\app\public\wp-includes\functions.php on line 6121
[28-May-2025 21:21:27 UTC] PHP Notice:  Function WP_User_Query::query was called <strong>incorrectly</strong>. User queries should not be run before the <code>plugins_loaded</code> hook. Please see <a href="https://developer.wordpress.org/advanced-administration/debug/debug-wordpress/">Debugging in WordPress</a> for more information. (This message was added in version 6.1.1.) in C:\Users\rahee\Local Sites\securepress-test\app\public\wp-includes\functions.php on line 6121
[28-May-2025 21:21:27 UTC] PHP Notice:  Function WP_User_Query::query was called <strong>incorrectly</strong>. User queries should not be run before the <code>plugins_loaded</code> hook. Please see <a href="https://developer.wordpress.org/advanced-administration/debug/debug-wordpress/">Debugging in WordPress</a> for more information. (This message was added in version 6.1.1.) in C:\Users\rahee\Local Sites\securepress-test\app\public\wp-includes\functions.php on line 6121
[28-May-2025 21:21:27 UTC] PHP Notice:  Function WP_User_Query::query was called <strong>incorrectly</strong>. User queries should not be run before the <code>plugins_loaded</code> hook. Please see <a href="https://developer.wordpress.org/advanced-administration/debug/debug-wordpress/">Debugging in WordPress</a> for more information. (This message was added in version 6.1.1.) in C:\Users\rahee\Local Sites\securepress-test\app\public\wp-includes\functions.php on line 6121
[28-May-2025 21:21:27 UTC] PHP Notice:  Function WP_User_Query::query was called <strong>incorrectly</strong>. User queries should not be run before the <code>plugins_loaded</code> hook. Please see <a href="https://developer.wordpress.org/advanced-administration/debug/debug-wordpress/">Debugging in WordPress</a> for more information. (This message was added in version 6.1.1.) in C:\Users\rahee\Local Sites\securepress-test\app\public\wp-includes\functions.php on line 6121
[28-May-2025 21:21:33 UTC] PHP Notice:  Function WP_User_Query::query was called <strong>incorrectly</strong>. User queries should not be run before the <code>plugins_loaded</code> hook. Please see <a href="https://developer.wordpress.org/advanced-administration/debug/debug-wordpress/">Debugging in WordPress</a> for more information. (This message was added in version 6.1.1.) in C:\Users\rahee\Local Sites\securepress-test\app\public\wp-includes\functions.php on line 6121
[28-May-2025 21:21:33 UTC] PHP Notice:  Function WP_User_Query::query was called <strong>incorrectly</strong>. User queries should not be run before the <code>plugins_loaded</code> hook. Please see <a href="https://developer.wordpress.org/advanced-administration/debug/debug-wordpress/">Debugging in WordPress</a> for more information. (This message was added in version 6.1.1.) in C:\Users\rahee\Local Sites\securepress-test\app\public\wp-includes\functions.php on line 6121
[28-May-2025 21:21:33 UTC] PHP Notice:  Function WP_User_Query::query was called <strong>incorrectly</strong>. User queries should not be run before the <code>plugins_loaded</code> hook. Please see <a href="https://developer.wordpress.org/advanced-administration/debug/debug-wordpress/">Debugging in WordPress</a> for more information. (This message was added in version 6.1.1.) in C:\Users\rahee\Local Sites\securepress-test\app\public\wp-includes\functions.php on line 6121
[28-May-2025 21:21:33 UTC] PHP Notice:  Function WP_User_Query::query was called <strong>incorrectly</strong>. User queries should not be run before the <code>plugins_loaded</code> hook. Please see <a href="https://developer.wordpress.org/advanced-administration/debug/debug-wordpress/">Debugging in WordPress</a> for more information. (This message was added in version 6.1.1.) in C:\Users\rahee\Local Sites\securepress-test\app\public\wp-includes\functions.php on line 6121
[28-May-2025 21:22:44 UTC] PHP Notice:  Function WP_User_Query::query was called <strong>incorrectly</strong>. User queries should not be run before the <code>plugins_loaded</code> hook. Please see <a href="https://developer.wordpress.org/advanced-administration/debug/debug-wordpress/">Debugging in WordPress</a> for more information. (This message was added in version 6.1.1.) in C:\Users\rahee\Local Sites\securepress-test\app\public\wp-includes\functions.php on line 6121
[28-May-2025 21:22:44 UTC] PHP Notice:  Function WP_User_Query::query was called <strong>incorrectly</strong>. User queries should not be run before the <code>plugins_loaded</code> hook. Please see <a href="https://developer.wordpress.org/advanced-administration/debug/debug-wordpress/">Debugging in WordPress</a> for more information. (This message was added in version 6.1.1.) in C:\Users\rahee\Local Sites\securepress-test\app\public\wp-includes\functions.php on line 6121
[28-May-2025 21:22:44 UTC] PHP Notice:  Function WP_User_Query::query was called <strong>incorrectly</strong>. User queries should not be run before the <code>plugins_loaded</code> hook. Please see <a href="https://developer.wordpress.org/advanced-administration/debug/debug-wordpress/">Debugging in WordPress</a> for more information. (This message was added in version 6.1.1.) in C:\Users\rahee\Local Sites\securepress-test\app\public\wp-includes\functions.php on line 6121
[28-May-2025 21:22:51 UTC] PHP Notice:  Function WP_User_Query::query was called <strong>incorrectly</strong>. User queries should not be run before the <code>plugins_loaded</code> hook. Please see <a href="https://developer.wordpress.org/advanced-administration/debug/debug-wordpress/">Debugging in WordPress</a> for more information. (This message was added in version 6.1.1.) in C:\Users\rahee\Local Sites\securepress-test\app\public\wp-includes\functions.php on line 6121
[28-May-2025 21:22:51 UTC] PHP Notice:  Function WP_User_Query::query was called <strong>incorrectly</strong>. User queries should not be run before the <code>plugins_loaded</code> hook. Please see <a href="https://developer.wordpress.org/advanced-administration/debug/debug-wordpress/">Debugging in WordPress</a> for more information. (This message was added in version 6.1.1.) in C:\Users\rahee\Local Sites\securepress-test\app\public\wp-includes\functions.php on line 6121
[28-May-2025 21:22:51 UTC] PHP Notice:  Function WP_User_Query::query was called <strong>incorrectly</strong>. User queries should not be run before the <code>plugins_loaded</code> hook. Please see <a href="https://developer.wordpress.org/advanced-administration/debug/debug-wordpress/">Debugging in WordPress</a> for more information. (This message was added in version 6.1.1.) in C:\Users\rahee\Local Sites\securepress-test\app\public\wp-includes\functions.php on line 6121
[28-May-2025 21:22:51 UTC] PHP Notice:  Function WP_User_Query::query was called <strong>incorrectly</strong>. User queries should not be run before the <code>plugins_loaded</code> hook. Please see <a href="https://developer.wordpress.org/advanced-administration/debug/debug-wordpress/">Debugging in WordPress</a> for more information. (This message was added in version 6.1.1.) in C:\Users\rahee\Local Sites\securepress-test\app\public\wp-includes\functions.php on line 6121
[28-May-2025 21:45:38 UTC] PHP Notice:  Function WP_User_Query::query was called <strong>incorrectly</strong>. User queries should not be run before the <code>plugins_loaded</code> hook. Please see <a href="https://developer.wordpress.org/advanced-administration/debug/debug-wordpress/">Debugging in WordPress</a> for more information. (This message was added in version 6.1.1.) in C:\Users\rahee\Local Sites\securepress-test\app\public\wp-includes\functions.php on line 6121
[28-May-2025 21:45:39 UTC] PHP Notice:  Function WP_User_Query::query was called <strong>incorrectly</strong>. User queries should not be run before the <code>plugins_loaded</code> hook. Please see <a href="https://developer.wordpress.org/advanced-administration/debug/debug-wordpress/">Debugging in WordPress</a> for more information. (This message was added in version 6.1.1.) in C:\Users\rahee\Local Sites\securepress-test\app\public\wp-includes\functions.php on line 6121
[28-May-2025 21:45:41 UTC] PHP Notice:  Function WP_User_Query::query was called <strong>incorrectly</strong>. User queries should not be run before the <code>plugins_loaded</code> hook. Please see <a href="https://developer.wordpress.org/advanced-administration/debug/debug-wordpress/">Debugging in WordPress</a> for more information. (This message was added in version 6.1.1.) in C:\Users\rahee\Local Sites\securepress-test\app\public\wp-includes\functions.php on line 6121
[28-May-2025 21:45:41 UTC] PHP Notice:  Function WP_User_Query::query was called <strong>incorrectly</strong>. User queries should not be run before the <code>plugins_loaded</code> hook. Please see <a href="https://developer.wordpress.org/advanced-administration/debug/debug-wordpress/">Debugging in WordPress</a> for more information. (This message was added in version 6.1.1.) in C:\Users\rahee\Local Sites\securepress-test\app\public\wp-includes\functions.php on line 6121
[28-May-2025 21:45:41 UTC] PHP Notice:  Function WP_User_Query::query was called <strong>incorrectly</strong>. User queries should not be run before the <code>plugins_loaded</code> hook. Please see <a href="https://developer.wordpress.org/advanced-administration/debug/debug-wordpress/">Debugging in WordPress</a> for more information. (This message was added in version 6.1.1.) in C:\Users\rahee\Local Sites\securepress-test\app\public\wp-includes\functions.php on line 6121
[28-May-2025 21:45:42 UTC] PHP Notice:  Function WP_User_Query::query was called <strong>incorrectly</strong>. User queries should not be run before the <code>plugins_loaded</code> hook. Please see <a href="https://developer.wordpress.org/advanced-administration/debug/debug-wordpress/">Debugging in WordPress</a> for more information. (This message was added in version 6.1.1.) in C:\Users\rahee\Local Sites\securepress-test\app\public\wp-includes\functions.php on line 6121
[28-May-2025 21:45:47 UTC] PHP Notice:  Function WP_User_Query::query was called <strong>incorrectly</strong>. User queries should not be run before the <code>plugins_loaded</code> hook. Please see <a href="https://developer.wordpress.org/advanced-administration/debug/debug-wordpress/">Debugging in WordPress</a> for more information. (This message was added in version 6.1.1.) in C:\Users\rahee\Local Sites\securepress-test\app\public\wp-includes\functions.php on line 6121
[28-May-2025 21:45:47 UTC] PHP Notice:  Function WP_User_Query::query was called <strong>incorrectly</strong>. User queries should not be run before the <code>plugins_loaded</code> hook. Please see <a href="https://developer.wordpress.org/advanced-administration/debug/debug-wordpress/">Debugging in WordPress</a> for more information. (This message was added in version 6.1.1.) in C:\Users\rahee\Local Sites\securepress-test\app\public\wp-includes\functions.php on line 6121
[28-May-2025 21:45:47 UTC] PHP Notice:  Function WP_User_Query::query was called <strong>incorrectly</strong>. User queries should not be run before the <code>plugins_loaded</code> hook. Please see <a href="https://developer.wordpress.org/advanced-administration/debug/debug-wordpress/">Debugging in WordPress</a> for more information. (This message was added in version 6.1.1.) in C:\Users\rahee\Local Sites\securepress-test\app\public\wp-includes\functions.php on line 6121
[28-May-2025 21:45:47 UTC] PHP Notice:  Function WP_User_Query::query was called <strong>incorrectly</strong>. User queries should not be run before the <code>plugins_loaded</code> hook. Please see <a href="https://developer.wordpress.org/advanced-administration/debug/debug-wordpress/">Debugging in WordPress</a> for more information. (This message was added in version 6.1.1.) in C:\Users\rahee\Local Sites\securepress-test\app\public\wp-includes\functions.php on line 6121
[28-May-2025 21:49:11 UTC] PHP Fatal error:  Uncaught TypeError: call_user_func_array(): Argument #1 ($callback) must be a valid callback, class SecureSphere does not have a method "init_settings" in C:\Users\rahee\Local Sites\securepress-test\app\public\wp-includes\class-wp-hook.php:324
Stack trace:
#0 C:\Users\rahee\Local Sites\securepress-test\app\public\wp-includes\class-wp-hook.php(348): WP_Hook->apply_filters(NULL, Array)
#1 C:\Users\rahee\Local Sites\securepress-test\app\public\wp-includes\plugin.php(517): WP_Hook->do_action(Array)
#2 C:\Users\rahee\Local Sites\securepress-test\app\public\wp-admin\admin.php(176): do_action('admin_init')
#3 C:\Users\rahee\Local Sites\securepress-test\app\public\wp-admin\index.php(10): require_once('C:\\Users\\rahee\\...')
#4 {main}
  thrown in C:\Users\rahee\Local Sites\securepress-test\app\public\wp-includes\class-wp-hook.php on line 324
[28-May-2025 21:49:18 UTC] PHP Fatal error:  Uncaught TypeError: call_user_func_array(): Argument #1 ($callback) must be a valid callback, class SecureSphere does not have a method "init_settings" in C:\Users\rahee\Local Sites\securepress-test\app\public\wp-includes\class-wp-hook.php:324
Stack trace:
#0 C:\Users\rahee\Local Sites\securepress-test\app\public\wp-includes\class-wp-hook.php(348): WP_Hook->apply_filters(NULL, Array)
#1 C:\Users\rahee\Local Sites\securepress-test\app\public\wp-includes\plugin.php(517): WP_Hook->do_action(Array)
#2 C:\Users\rahee\Local Sites\securepress-test\app\public\wp-admin\admin.php(176): do_action('admin_init')
#3 C:\Users\rahee\Local Sites\securepress-test\app\public\wp-admin\index.php(10): require_once('C:\\Users\\rahee\\...')
#4 {main}
  thrown in C:\Users\rahee\Local Sites\securepress-test\app\public\wp-includes\class-wp-hook.php on line 324
[28-May-2025 21:49:25 UTC] PHP Fatal error:  Uncaught TypeError: call_user_func_array(): Argument #1 ($callback) must be a valid callback, class SecureSphere does not have a method "init_settings" in C:\Users\rahee\Local Sites\securepress-test\app\public\wp-includes\class-wp-hook.php:324
Stack trace:
#0 C:\Users\rahee\Local Sites\securepress-test\app\public\wp-includes\class-wp-hook.php(348): WP_Hook->apply_filters(NULL, Array)
#1 C:\Users\rahee\Local Sites\securepress-test\app\public\wp-includes\plugin.php(517): WP_Hook->do_action(Array)
#2 C:\Users\rahee\Local Sites\securepress-test\app\public\wp-admin\admin.php(176): do_action('admin_init')
#3 C:\Users\rahee\Local Sites\securepress-test\app\public\wp-admin\index.php(10): require_once('C:\\Users\\rahee\\...')
#4 {main}
  thrown in C:\Users\rahee\Local Sites\securepress-test\app\public\wp-includes\class-wp-hook.php on line 324
[28-May-2025 21:51:02 UTC] PHP Fatal error:  Uncaught TypeError: call_user_func_array(): Argument #1 ($callback) must be a valid callback, non-static method SecureSphere_Alerts::render_admin_page() cannot be called statically in C:\Users\rahee\Local Sites\securepress-test\app\public\wp-includes\class-wp-hook.php:324
Stack trace:
#0 C:\Users\rahee\Local Sites\securepress-test\app\public\wp-includes\class-wp-hook.php(348): WP_Hook->apply_filters('', Array)
#1 C:\Users\rahee\Local Sites\securepress-test\app\public\wp-includes\plugin.php(517): WP_Hook->do_action(Array)
#2 C:\Users\rahee\Local Sites\securepress-test\app\public\wp-admin\admin.php(260): do_action('admin_page_secu...')
#3 {main}
  thrown in C:\Users\rahee\Local Sites\securepress-test\app\public\wp-includes\class-wp-hook.php on line 324
[28-May-2025 21:51:07 UTC] PHP Fatal error:  Uncaught TypeError: call_user_func_array(): Argument #1 ($callback) must be a valid callback, non-static method SecureSphere_Alerts::render_admin_page() cannot be called statically in C:\Users\rahee\Local Sites\securepress-test\app\public\wp-includes\class-wp-hook.php:324
Stack trace:
#0 C:\Users\rahee\Local Sites\securepress-test\app\public\wp-includes\class-wp-hook.php(348): WP_Hook->apply_filters('', Array)
#1 C:\Users\rahee\Local Sites\securepress-test\app\public\wp-includes\plugin.php(517): WP_Hook->do_action(Array)
#2 C:\Users\rahee\Local Sites\securepress-test\app\public\wp-admin\admin.php(260): do_action('admin_page_secu...')
#3 {main}
  thrown in C:\Users\rahee\Local Sites\securepress-test\app\public\wp-includes\class-wp-hook.php on line 324
[28-May-2025 21:51:10 UTC] PHP Fatal error:  Uncaught TypeError: call_user_func_array(): Argument #1 ($callback) must be a valid callback, class SecureSphere_Firewall does not have a method "render_ip_filtering_page" in C:\Users\rahee\Local Sites\securepress-test\app\public\wp-includes\class-wp-hook.php:324
Stack trace:
#0 C:\Users\rahee\Local Sites\securepress-test\app\public\wp-includes\class-wp-hook.php(348): WP_Hook->apply_filters('', Array)
#1 C:\Users\rahee\Local Sites\securepress-test\app\public\wp-includes\plugin.php(517): WP_Hook->do_action(Array)
#2 C:\Users\rahee\Local Sites\securepress-test\app\public\wp-admin\admin.php(260): do_action('securesphere_pa...')
#3 {main}
  thrown in C:\Users\rahee\Local Sites\securepress-test\app\public\wp-includes\class-wp-hook.php on line 324
[28-May-2025 21:51:13 UTC] PHP Notice:  Function wpdb::prepare was called <strong>incorrectly</strong>. The query argument of wpdb::prepare() must have a placeholder. Please see <a href="https://developer.wordpress.org/advanced-administration/debug/debug-wordpress/">Debugging in WordPress</a> for more information. (This message was added in version 3.9.0.) in C:\Users\rahee\Local Sites\securepress-test\app\public\wp-includes\functions.php on line 6121
[28-May-2025 21:51:15 UTC] PHP Fatal error:  Uncaught TypeError: call_user_func_array(): Argument #1 ($callback) must be a valid callback, class SecureSphere_Firewall does not have a method "render_ip_filtering_page" in C:\Users\rahee\Local Sites\securepress-test\app\public\wp-includes\class-wp-hook.php:324
Stack trace:
#0 C:\Users\rahee\Local Sites\securepress-test\app\public\wp-includes\class-wp-hook.php(348): WP_Hook->apply_filters('', Array)
#1 C:\Users\rahee\Local Sites\securepress-test\app\public\wp-includes\plugin.php(517): WP_Hook->do_action(Array)
#2 C:\Users\rahee\Local Sites\securepress-test\app\public\wp-admin\admin.php(260): do_action('securesphere_pa...')
#3 {main}
  thrown in C:\Users\rahee\Local Sites\securepress-test\app\public\wp-includes\class-wp-hook.php on line 324
[28-May-2025 21:51:51 UTC] PHP Fatal error:  Uncaught TypeError: call_user_func_array(): Argument #1 ($callback) must be a valid callback, non-static method SecureSphere_Alerts::render_admin_page() cannot be called statically in C:\Users\rahee\Local Sites\securepress-test\app\public\wp-includes\class-wp-hook.php:324
Stack trace:
#0 C:\Users\rahee\Local Sites\securepress-test\app\public\wp-includes\class-wp-hook.php(348): WP_Hook->apply_filters('', Array)
#1 C:\Users\rahee\Local Sites\securepress-test\app\public\wp-includes\plugin.php(517): WP_Hook->do_action(Array)
#2 C:\Users\rahee\Local Sites\securepress-test\app\public\wp-admin\admin.php(260): do_action('admin_page_secu...')
#3 {main}
  thrown in C:\Users\rahee\Local Sites\securepress-test\app\public\wp-includes\class-wp-hook.php on line 324
[28-May-2025 21:52:07 UTC] PHP Fatal error:  Uncaught TypeError: call_user_func_array(): Argument #1 ($callback) must be a valid callback, first array member is not a valid class name or object in C:\Users\rahee\Local Sites\securepress-test\app\public\wp-includes\class-wp-hook.php:324
Stack trace:
#0 C:\Users\rahee\Local Sites\securepress-test\app\public\wp-includes\class-wp-hook.php(348): WP_Hook->apply_filters('', Array)
#1 C:\Users\rahee\Local Sites\securepress-test\app\public\wp-includes\plugin.php(517): WP_Hook->do_action(Array)
#2 C:\Users\rahee\Local Sites\securepress-test\app\public\wp-admin\admin.php(260): do_action('securesphere_pa...')
#3 {main}
  thrown in C:\Users\rahee\Local Sites\securepress-test\app\public\wp-includes\class-wp-hook.php on line 324
[28-May-2025 21:52:09 UTC] PHP Fatal error:  Uncaught TypeError: call_user_func_array(): Argument #1 ($callback) must be a valid callback, non-static method SecureSphere_Integrity::render_admin_page() cannot be called statically in C:\Users\rahee\Local Sites\securepress-test\app\public\wp-includes\class-wp-hook.php:324
Stack trace:
#0 C:\Users\rahee\Local Sites\securepress-test\app\public\wp-includes\class-wp-hook.php(348): WP_Hook->apply_filters('', Array)
#1 C:\Users\rahee\Local Sites\securepress-test\app\public\wp-includes\plugin.php(517): WP_Hook->do_action(Array)
#2 C:\Users\rahee\Local Sites\securepress-test\app\public\wp-admin\admin.php(260): do_action('admin_page_secu...')
#3 {main}
  thrown in C:\Users\rahee\Local Sites\securepress-test\app\public\wp-includes\class-wp-hook.php on line 324
[28-May-2025 21:52:13 UTC] PHP Fatal error:  Uncaught TypeError: call_user_func_array(): Argument #1 ($callback) must be a valid callback, non-static method SecureSphere_Integrity::render_admin_page() cannot be called statically in C:\Users\rahee\Local Sites\securepress-test\app\public\wp-includes\class-wp-hook.php:324
Stack trace:
#0 C:\Users\rahee\Local Sites\securepress-test\app\public\wp-includes\class-wp-hook.php(348): WP_Hook->apply_filters('', Array)
#1 C:\Users\rahee\Local Sites\securepress-test\app\public\wp-includes\plugin.php(517): WP_Hook->do_action(Array)
#2 C:\Users\rahee\Local Sites\securepress-test\app\public\wp-admin\admin.php(260): do_action('admin_page_secu...')
#3 {main}
  thrown in C:\Users\rahee\Local Sites\securepress-test\app\public\wp-includes\class-wp-hook.php on line 324
[28-May-2025 21:52:16 UTC] PHP Fatal error:  Uncaught TypeError: call_user_func_array(): Argument #1 ($callback) must be a valid callback, non-static method SecureSphere_Alerts::render_admin_page() cannot be called statically in C:\Users\rahee\Local Sites\securepress-test\app\public\wp-includes\class-wp-hook.php:324
Stack trace:
#0 C:\Users\rahee\Local Sites\securepress-test\app\public\wp-includes\class-wp-hook.php(348): WP_Hook->apply_filters('', Array)
#1 C:\Users\rahee\Local Sites\securepress-test\app\public\wp-includes\plugin.php(517): WP_Hook->do_action(Array)
#2 C:\Users\rahee\Local Sites\securepress-test\app\public\wp-admin\admin.php(260): do_action('admin_page_secu...')
#3 {main}
  thrown in C:\Users\rahee\Local Sites\securepress-test\app\public\wp-includes\class-wp-hook.php on line 324
[28-May-2025 21:52:26 UTC] PHP Notice:  Function wpdb::prepare was called <strong>incorrectly</strong>. The query argument of wpdb::prepare() must have a placeholder. Please see <a href="https://developer.wordpress.org/advanced-administration/debug/debug-wordpress/">Debugging in WordPress</a> for more information. (This message was added in version 3.9.0.) in C:\Users\rahee\Local Sites\securepress-test\app\public\wp-includes\functions.php on line 6121
[28-May-2025 21:53:58 UTC] PHP Notice:  Function wpdb::prepare was called <strong>incorrectly</strong>. The query argument of wpdb::prepare() must have a placeholder. Please see <a href="https://developer.wordpress.org/advanced-administration/debug/debug-wordpress/">Debugging in WordPress</a> for more information. (This message was added in version 3.9.0.) in C:\Users\rahee\Local Sites\securepress-test\app\public\wp-includes\functions.php on line 6121
[28-May-2025 21:54:01 UTC] PHP Fatal error:  Uncaught TypeError: call_user_func_array(): Argument #1 ($callback) must be a valid callback, class SecureSphere_Firewall does not have a method "render_ip_filtering_page" in C:\Users\rahee\Local Sites\securepress-test\app\public\wp-includes\class-wp-hook.php:324
Stack trace:
#0 C:\Users\rahee\Local Sites\securepress-test\app\public\wp-includes\class-wp-hook.php(348): WP_Hook->apply_filters('', Array)
#1 C:\Users\rahee\Local Sites\securepress-test\app\public\wp-includes\plugin.php(517): WP_Hook->do_action(Array)
#2 C:\Users\rahee\Local Sites\securepress-test\app\public\wp-admin\admin.php(260): do_action('securesphere_pa...')
#3 {main}
  thrown in C:\Users\rahee\Local Sites\securepress-test\app\public\wp-includes\class-wp-hook.php on line 324
[28-May-2025 21:54:13 UTC] PHP Fatal error:  Uncaught TypeError: call_user_func_array(): Argument #1 ($callback) must be a valid callback, non-static method SecureSphere_Alerts::render_admin_page() cannot be called statically in C:\Users\rahee\Local Sites\securepress-test\app\public\wp-includes\class-wp-hook.php:324
Stack trace:
#0 C:\Users\rahee\Local Sites\securepress-test\app\public\wp-includes\class-wp-hook.php(348): WP_Hook->apply_filters('', Array)
#1 C:\Users\rahee\Local Sites\securepress-test\app\public\wp-includes\plugin.php(517): WP_Hook->do_action(Array)
#2 C:\Users\rahee\Local Sites\securepress-test\app\public\wp-admin\admin.php(260): do_action('admin_page_secu...')
#3 {main}
  thrown in C:\Users\rahee\Local Sites\securepress-test\app\public\wp-includes\class-wp-hook.php on line 324
[28-May-2025 21:54:22 UTC] PHP Notice:  Function wpdb::prepare was called <strong>incorrectly</strong>. The query argument of wpdb::prepare() must have a placeholder. Please see <a href="https://developer.wordpress.org/advanced-administration/debug/debug-wordpress/">Debugging in WordPress</a> for more information. (This message was added in version 3.9.0.) in C:\Users\rahee\Local Sites\securepress-test\app\public\wp-includes\functions.php on line 6121
[28-May-2025 21:54:25 UTC] PHP Fatal error:  Uncaught TypeError: call_user_func_array(): Argument #1 ($callback) must be a valid callback, class SecureSphere_Firewall does not have a method "render_ip_filtering_page" in C:\Users\rahee\Local Sites\securepress-test\app\public\wp-includes\class-wp-hook.php:324
Stack trace:
#0 C:\Users\rahee\Local Sites\securepress-test\app\public\wp-includes\class-wp-hook.php(348): WP_Hook->apply_filters('', Array)
#1 C:\Users\rahee\Local Sites\securepress-test\app\public\wp-includes\plugin.php(517): WP_Hook->do_action(Array)
#2 C:\Users\rahee\Local Sites\securepress-test\app\public\wp-admin\admin.php(260): do_action('securesphere_pa...')
#3 {main}
  thrown in C:\Users\rahee\Local Sites\securepress-test\app\public\wp-includes\class-wp-hook.php on line 324
[28-May-2025 21:54:30 UTC] PHP Fatal error:  Uncaught TypeError: call_user_func_array(): Argument #1 ($callback) must be a valid callback, non-static method SecureSphere_Alerts::render_admin_page() cannot be called statically in C:\Users\rahee\Local Sites\securepress-test\app\public\wp-includes\class-wp-hook.php:324
Stack trace:
#0 C:\Users\rahee\Local Sites\securepress-test\app\public\wp-includes\class-wp-hook.php(348): WP_Hook->apply_filters('', Array)
#1 C:\Users\rahee\Local Sites\securepress-test\app\public\wp-includes\plugin.php(517): WP_Hook->do_action(Array)
#2 C:\Users\rahee\Local Sites\securepress-test\app\public\wp-admin\admin.php(260): do_action('admin_page_secu...')
#3 {main}
  thrown in C:\Users\rahee\Local Sites\securepress-test\app\public\wp-includes\class-wp-hook.php on line 324
[28-May-2025 21:55:39 UTC] PHP Fatal error:  Uncaught TypeError: call_user_func_array(): Argument #1 ($callback) must be a valid callback, non-static method SecureSphere_Integrity::render_admin_page() cannot be called statically in C:\Users\rahee\Local Sites\securepress-test\app\public\wp-includes\class-wp-hook.php:324
Stack trace:
#0 C:\Users\rahee\Local Sites\securepress-test\app\public\wp-includes\class-wp-hook.php(348): WP_Hook->apply_filters('', Array)
#1 C:\Users\rahee\Local Sites\securepress-test\app\public\wp-includes\plugin.php(517): WP_Hook->do_action(Array)
#2 C:\Users\rahee\Local Sites\securepress-test\app\public\wp-admin\admin.php(260): do_action('admin_page_secu...')
#3 {main}
  thrown in C:\Users\rahee\Local Sites\securepress-test\app\public\wp-includes\class-wp-hook.php on line 324
[28-May-2025 21:55:48 UTC] PHP Notice:  Function wpdb::prepare was called <strong>incorrectly</strong>. The query argument of wpdb::prepare() must have a placeholder. Please see <a href="https://developer.wordpress.org/advanced-administration/debug/debug-wordpress/">Debugging in WordPress</a> for more information. (This message was added in version 3.9.0.) in C:\Users\rahee\Local Sites\securepress-test\app\public\wp-includes\functions.php on line 6121
[28-May-2025 21:55:54 UTC] PHP Fatal error:  Uncaught TypeError: call_user_func_array(): Argument #1 ($callback) must be a valid callback, non-static method SecureSphere_Alerts::render_admin_page() cannot be called statically in C:\Users\rahee\Local Sites\securepress-test\app\public\wp-includes\class-wp-hook.php:324
Stack trace:
#0 C:\Users\rahee\Local Sites\securepress-test\app\public\wp-includes\class-wp-hook.php(348): WP_Hook->apply_filters('', Array)
#1 C:\Users\rahee\Local Sites\securepress-test\app\public\wp-includes\plugin.php(517): WP_Hook->do_action(Array)
#2 C:\Users\rahee\Local Sites\securepress-test\app\public\wp-admin\admin.php(260): do_action('admin_page_secu...')
#3 {main}
  thrown in C:\Users\rahee\Local Sites\securepress-test\app\public\wp-includes\class-wp-hook.php on line 324
[28-May-2025 21:55:57 UTC] PHP Fatal error:  Uncaught TypeError: call_user_func_array(): Argument #1 ($callback) must be a valid callback, non-static method SecureSphere_Integrity::render_admin_page() cannot be called statically in C:\Users\rahee\Local Sites\securepress-test\app\public\wp-includes\class-wp-hook.php:324
Stack trace:
#0 C:\Users\rahee\Local Sites\securepress-test\app\public\wp-includes\class-wp-hook.php(348): WP_Hook->apply_filters('', Array)
#1 C:\Users\rahee\Local Sites\securepress-test\app\public\wp-includes\plugin.php(517): WP_Hook->do_action(Array)
#2 C:\Users\rahee\Local Sites\securepress-test\app\public\wp-admin\admin.php(260): do_action('admin_page_secu...')
#3 {main}
  thrown in C:\Users\rahee\Local Sites\securepress-test\app\public\wp-includes\class-wp-hook.php on line 324
[28-May-2025 21:56:09 UTC] PHP Notice:  Function wpdb::prepare was called <strong>incorrectly</strong>. The query argument of wpdb::prepare() must have a placeholder. Please see <a href="https://developer.wordpress.org/advanced-administration/debug/debug-wordpress/">Debugging in WordPress</a> for more information. (This message was added in version 3.9.0.) in C:\Users\rahee\Local Sites\securepress-test\app\public\wp-includes\functions.php on line 6121
[28-May-2025 21:56:14 UTC] PHP Fatal error:  Uncaught TypeError: call_user_func_array(): Argument #1 ($callback) must be a valid callback, non-static method SecureSphere_Alerts::render_admin_page() cannot be called statically in C:\Users\rahee\Local Sites\securepress-test\app\public\wp-includes\class-wp-hook.php:324
Stack trace:
#0 C:\Users\rahee\Local Sites\securepress-test\app\public\wp-includes\class-wp-hook.php(348): WP_Hook->apply_filters('', Array)
#1 C:\Users\rahee\Local Sites\securepress-test\app\public\wp-includes\plugin.php(517): WP_Hook->do_action(Array)
#2 C:\Users\rahee\Local Sites\securepress-test\app\public\wp-admin\admin.php(260): do_action('admin_page_secu...')
#3 {main}
  thrown in C:\Users\rahee\Local Sites\securepress-test\app\public\wp-includes\class-wp-hook.php on line 324
[28-May-2025 21:56:19 UTC] PHP Fatal error:  Uncaught TypeError: call_user_func_array(): Argument #1 ($callback) must be a valid callback, non-static method SecureSphere_Integrity::render_admin_page() cannot be called statically in C:\Users\rahee\Local Sites\securepress-test\app\public\wp-includes\class-wp-hook.php:324
Stack trace:
#0 C:\Users\rahee\Local Sites\securepress-test\app\public\wp-includes\class-wp-hook.php(348): WP_Hook->apply_filters('', Array)
#1 C:\Users\rahee\Local Sites\securepress-test\app\public\wp-includes\plugin.php(517): WP_Hook->do_action(Array)
#2 C:\Users\rahee\Local Sites\securepress-test\app\public\wp-admin\admin.php(260): do_action('admin_page_secu...')
#3 {main}
  thrown in C:\Users\rahee\Local Sites\securepress-test\app\public\wp-includes\class-wp-hook.php on line 324
[28-May-2025 21:56:22 UTC] PHP Fatal error:  Uncaught TypeError: call_user_func_array(): Argument #1 ($callback) must be a valid callback, non-static method SecureSphere_Alerts::render_admin_page() cannot be called statically in C:\Users\rahee\Local Sites\securepress-test\app\public\wp-includes\class-wp-hook.php:324
Stack trace:
#0 C:\Users\rahee\Local Sites\securepress-test\app\public\wp-includes\class-wp-hook.php(348): WP_Hook->apply_filters('', Array)
#1 C:\Users\rahee\Local Sites\securepress-test\app\public\wp-includes\plugin.php(517): WP_Hook->do_action(Array)
#2 C:\Users\rahee\Local Sites\securepress-test\app\public\wp-admin\admin.php(260): do_action('admin_page_secu...')
#3 {main}
  thrown in C:\Users\rahee\Local Sites\securepress-test\app\public\wp-includes\class-wp-hook.php on line 324
[28-May-2025 21:57:27 UTC] PHP Fatal error:  Uncaught Error: Call to private SecureSphere_Alerts::__construct() from scope SecureSphere in C:\Users\rahee\Local Sites\securepress-test\app\public\wp-content\plugins\SecureSphere\SecureSphere.php:216
Stack trace:
#0 C:\Users\rahee\Local Sites\securepress-test\app\public\wp-content\plugins\SecureSphere\SecureSphere.php(164): SecureSphere->init_modules()
#1 C:\Users\rahee\Local Sites\securepress-test\app\public\wp-content\plugins\SecureSphere\SecureSphere.php(119): SecureSphere->init_hooks()
#2 C:\Users\rahee\Local Sites\securepress-test\app\public\wp-content\plugins\SecureSphere\SecureSphere.php(112): SecureSphere->__construct()
#3 C:\Users\rahee\Local Sites\securepress-test\app\public\wp-content\plugins\SecureSphere\SecureSphere.php(589): SecureSphere::init()
#4 C:\Users\rahee\Local Sites\securepress-test\app\public\wp-settings.php(545): include_once('C:\\Users\\rahee\\...')
#5 C:\Users\rahee\Local Sites\securepress-test\app\public\wp-config.php(97): require_once('C:\\Users\\rahee\\...')
#6 C:\Users\rahee\Local Sites\securepress-test\app\public\wp-load.php(50): require_once('C:\\Users\\rahee\\...')
#7 C:\Users\rahee\Local Sites\securepress-test\app\public\wp-admin\admin.php(35): require_once('C:\\Users\\rahee\\...')
#8 {main}
  thrown in C:\Users\rahee\Local Sites\securepress-test\app\public\wp-content\plugins\SecureSphere\SecureSphere.php on line 216
[28-May-2025 21:57:27 UTC] PHP Fatal error:  Uncaught Error: Call to private SecureSphere_Alerts::__construct() from scope SecureSphere in C:\Users\rahee\Local Sites\securepress-test\app\public\wp-content\plugins\SecureSphere\SecureSphere.php:216
Stack trace:
#0 C:\Users\rahee\Local Sites\securepress-test\app\public\wp-content\plugins\SecureSphere\SecureSphere.php(164): SecureSphere->init_modules()
#1 C:\Users\rahee\Local Sites\securepress-test\app\public\wp-content\plugins\SecureSphere\SecureSphere.php(119): SecureSphere->init_hooks()
#2 C:\Users\rahee\Local Sites\securepress-test\app\public\wp-content\plugins\SecureSphere\SecureSphere.php(112): SecureSphere->__construct()
#3 C:\Users\rahee\Local Sites\securepress-test\app\public\wp-content\plugins\SecureSphere\SecureSphere.php(589): SecureSphere::init()
#4 C:\Users\rahee\Local Sites\securepress-test\app\public\wp-settings.php(545): include_once('C:\\Users\\rahee\\...')
#5 C:\Users\rahee\Local Sites\securepress-test\app\public\wp-config.php(97): require_once('C:\\Users\\rahee\\...')
#6 C:\Users\rahee\Local Sites\securepress-test\app\public\wp-load.php(50): require_once('C:\\Users\\rahee\\...')
#7 C:\Users\rahee\Local Sites\securepress-test\app\public\wp-blog-header.php(13): require_once('C:\\Users\\rahee\\...')
#8 C:\Users\rahee\Local Sites\securepress-test\app\public\index.php(17): require('C:\\Users\\rahee\\...')
#9 {main}
  thrown in C:\Users\rahee\Local Sites\securepress-test\app\public\wp-content\plugins\SecureSphere\SecureSphere.php on line 216
[28-May-2025 21:58:36 UTC] PHP Fatal error:  Uncaught TypeError: call_user_func_array(): Argument #1 ($callback) must be a valid callback, non-static method SecureSphere_Alerts::render_admin_page() cannot be called statically in C:\Users\rahee\Local Sites\securepress-test\app\public\wp-includes\class-wp-hook.php:324
Stack trace:
#0 C:\Users\rahee\Local Sites\securepress-test\app\public\wp-includes\class-wp-hook.php(348): WP_Hook->apply_filters('', Array)
#1 C:\Users\rahee\Local Sites\securepress-test\app\public\wp-includes\plugin.php(517): WP_Hook->do_action(Array)
#2 C:\Users\rahee\Local Sites\securepress-test\app\public\wp-admin\admin.php(260): do_action('admin_page_secu...')
#3 {main}
  thrown in C:\Users\rahee\Local Sites\securepress-test\app\public\wp-includes\class-wp-hook.php on line 324
[28-May-2025 21:58:39 UTC] PHP Fatal error:  Uncaught TypeError: call_user_func_array(): Argument #1 ($callback) must be a valid callback, non-static method SecureSphere_Integrity::render_admin_page() cannot be called statically in C:\Users\rahee\Local Sites\securepress-test\app\public\wp-includes\class-wp-hook.php:324
Stack trace:
#0 C:\Users\rahee\Local Sites\securepress-test\app\public\wp-includes\class-wp-hook.php(348): WP_Hook->apply_filters('', Array)
#1 C:\Users\rahee\Local Sites\securepress-test\app\public\wp-includes\plugin.php(517): WP_Hook->do_action(Array)
#2 C:\Users\rahee\Local Sites\securepress-test\app\public\wp-admin\admin.php(260): do_action('admin_page_secu...')
#3 {main}
  thrown in C:\Users\rahee\Local Sites\securepress-test\app\public\wp-includes\class-wp-hook.php on line 324
[28-May-2025 21:59:47 UTC] PHP Fatal error:  Uncaught TypeError: call_user_func_array(): Argument #1 ($callback) must be a valid callback, non-static method SecureSphere_Integrity::render_admin_page() cannot be called statically in C:\Users\rahee\Local Sites\securepress-test\app\public\wp-includes\class-wp-hook.php:324
Stack trace:
#0 C:\Users\rahee\Local Sites\securepress-test\app\public\wp-includes\class-wp-hook.php(348): WP_Hook->apply_filters('', Array)
#1 C:\Users\rahee\Local Sites\securepress-test\app\public\wp-includes\plugin.php(517): WP_Hook->do_action(Array)
#2 C:\Users\rahee\Local Sites\securepress-test\app\public\wp-admin\admin.php(260): do_action('admin_page_secu...')
#3 {main}
  thrown in C:\Users\rahee\Local Sites\securepress-test\app\public\wp-includes\class-wp-hook.php on line 324
[28-May-2025 21:59:57 UTC] PHP Fatal error:  Uncaught TypeError: call_user_func_array(): Argument #1 ($callback) must be a valid callback, non-static method SecureSphere_Alerts::render_admin_page() cannot be called statically in C:\Users\rahee\Local Sites\securepress-test\app\public\wp-includes\class-wp-hook.php:324
Stack trace:
#0 C:\Users\rahee\Local Sites\securepress-test\app\public\wp-includes\class-wp-hook.php(348): WP_Hook->apply_filters('', Array)
#1 C:\Users\rahee\Local Sites\securepress-test\app\public\wp-includes\plugin.php(517): WP_Hook->do_action(Array)
#2 C:\Users\rahee\Local Sites\securepress-test\app\public\wp-admin\admin.php(260): do_action('admin_page_secu...')
#3 {main}
  thrown in C:\Users\rahee\Local Sites\securepress-test\app\public\wp-includes\class-wp-hook.php on line 324
[28-May-2025 22:00:04 UTC] PHP Fatal error:  Uncaught TypeError: call_user_func_array(): Argument #1 ($callback) must be a valid callback, non-static method SecureSphere_Integrity::render_admin_page() cannot be called statically in C:\Users\rahee\Local Sites\securepress-test\app\public\wp-includes\class-wp-hook.php:324
Stack trace:
#0 C:\Users\rahee\Local Sites\securepress-test\app\public\wp-includes\class-wp-hook.php(348): WP_Hook->apply_filters('', Array)
#1 C:\Users\rahee\Local Sites\securepress-test\app\public\wp-includes\plugin.php(517): WP_Hook->do_action(Array)
#2 C:\Users\rahee\Local Sites\securepress-test\app\public\wp-admin\admin.php(260): do_action('admin_page_secu...')
#3 {main}
  thrown in C:\Users\rahee\Local Sites\securepress-test\app\public\wp-includes\class-wp-hook.php on line 324
[28-May-2025 22:01:33 UTC] PHP Fatal error:  Uncaught TypeError: call_user_func_array(): Argument #1 ($callback) must be a valid callback, non-static method SecureSphere_Integrity::render_admin_page() cannot be called statically in C:\Users\rahee\Local Sites\securepress-test\app\public\wp-includes\class-wp-hook.php:324
Stack trace:
#0 C:\Users\rahee\Local Sites\securepress-test\app\public\wp-includes\class-wp-hook.php(348): WP_Hook->apply_filters('', Array)
#1 C:\Users\rahee\Local Sites\securepress-test\app\public\wp-includes\plugin.php(517): WP_Hook->do_action(Array)
#2 C:\Users\rahee\Local Sites\securepress-test\app\public\wp-admin\admin.php(260): do_action('admin_page_secu...')
#3 {main}
  thrown in C:\Users\rahee\Local Sites\securepress-test\app\public\wp-includes\class-wp-hook.php on line 324
[28-May-2025 22:01:36 UTC] PHP Fatal error:  Uncaught TypeError: call_user_func_array(): Argument #1 ($callback) must be a valid callback, non-static method SecureSphere_Alerts::render_admin_page() cannot be called statically in C:\Users\rahee\Local Sites\securepress-test\app\public\wp-includes\class-wp-hook.php:324
Stack trace:
#0 C:\Users\rahee\Local Sites\securepress-test\app\public\wp-includes\class-wp-hook.php(348): WP_Hook->apply_filters('', Array)
#1 C:\Users\rahee\Local Sites\securepress-test\app\public\wp-includes\plugin.php(517): WP_Hook->do_action(Array)
#2 C:\Users\rahee\Local Sites\securepress-test\app\public\wp-admin\admin.php(260): do_action('admin_page_secu...')
#3 {main}
  thrown in C:\Users\rahee\Local Sites\securepress-test\app\public\wp-includes\class-wp-hook.php on line 324
[28-May-2025 22:03:13 UTC] PHP Fatal error:  Uncaught TypeError: call_user_func_array(): Argument #1 ($callback) must be a valid callback, non-static method SecureSphere_Alerts::render_admin_page() cannot be called statically in C:\Users\rahee\Local Sites\securepress-test\app\public\wp-includes\class-wp-hook.php:324
Stack trace:
#0 C:\Users\rahee\Local Sites\securepress-test\app\public\wp-includes\class-wp-hook.php(348): WP_Hook->apply_filters('', Array)
#1 C:\Users\rahee\Local Sites\securepress-test\app\public\wp-includes\plugin.php(517): WP_Hook->do_action(Array)
#2 C:\Users\rahee\Local Sites\securepress-test\app\public\wp-admin\admin.php(260): do_action('admin_page_secu...')
#3 {main}
  thrown in C:\Users\rahee\Local Sites\securepress-test\app\public\wp-includes\class-wp-hook.php on line 324
[28-May-2025 22:03:21 UTC] PHP Fatal error:  Uncaught TypeError: call_user_func_array(): Argument #1 ($callback) must be a valid callback, non-static method SecureSphere_Integrity::render_admin_page() cannot be called statically in C:\Users\rahee\Local Sites\securepress-test\app\public\wp-includes\class-wp-hook.php:324
Stack trace:
#0 C:\Users\rahee\Local Sites\securepress-test\app\public\wp-includes\class-wp-hook.php(348): WP_Hook->apply_filters('', Array)
#1 C:\Users\rahee\Local Sites\securepress-test\app\public\wp-includes\plugin.php(517): WP_Hook->do_action(Array)
#2 C:\Users\rahee\Local Sites\securepress-test\app\public\wp-admin\admin.php(260): do_action('admin_page_secu...')
#3 {main}
  thrown in C:\Users\rahee\Local Sites\securepress-test\app\public\wp-includes\class-wp-hook.php on line 324
[28-May-2025 22:03:23 UTC] PHP Fatal error:  Uncaught TypeError: call_user_func_array(): Argument #1 ($callback) must be a valid callback, non-static method SecureSphere_Alerts::render_admin_page() cannot be called statically in C:\Users\rahee\Local Sites\securepress-test\app\public\wp-includes\class-wp-hook.php:324
Stack trace:
#0 C:\Users\rahee\Local Sites\securepress-test\app\public\wp-includes\class-wp-hook.php(348): WP_Hook->apply_filters('', Array)
#1 C:\Users\rahee\Local Sites\securepress-test\app\public\wp-includes\plugin.php(517): WP_Hook->do_action(Array)
#2 C:\Users\rahee\Local Sites\securepress-test\app\public\wp-admin\admin.php(260): do_action('admin_page_secu...')
#3 {main}
  thrown in C:\Users\rahee\Local Sites\securepress-test\app\public\wp-includes\class-wp-hook.php on line 324
[28-May-2025 22:08:46 UTC] PHP Fatal error:  Uncaught Error: Call to private SecureSphere_Alerts::__construct() from scope SecureSphere in C:\Users\rahee\Local Sites\securepress-test\app\public\wp-content\plugins\SecureSphere\SecureSphere.php:216
Stack trace:
#0 C:\Users\rahee\Local Sites\securepress-test\app\public\wp-content\plugins\SecureSphere\SecureSphere.php(164): SecureSphere->init_modules()
#1 C:\Users\rahee\Local Sites\securepress-test\app\public\wp-content\plugins\SecureSphere\SecureSphere.php(119): SecureSphere->init_hooks()
#2 C:\Users\rahee\Local Sites\securepress-test\app\public\wp-content\plugins\SecureSphere\SecureSphere.php(112): SecureSphere->__construct()
#3 C:\Users\rahee\Local Sites\securepress-test\app\public\wp-content\plugins\SecureSphere\SecureSphere.php(591): SecureSphere::init()
#4 C:\Users\rahee\Local Sites\securepress-test\app\public\wp-settings.php(545): include_once('C:\\Users\\rahee\\...')
#5 C:\Users\rahee\Local Sites\securepress-test\app\public\wp-config.php(97): require_once('C:\\Users\\rahee\\...')
#6 C:\Users\rahee\Local Sites\securepress-test\app\public\wp-load.php(50): require_once('C:\\Users\\rahee\\...')
#7 C:\Users\rahee\Local Sites\securepress-test\app\public\wp-admin\admin.php(35): require_once('C:\\Users\\rahee\\...')
#8 {main}
  thrown in C:\Users\rahee\Local Sites\securepress-test\app\public\wp-content\plugins\SecureSphere\SecureSphere.php on line 216
[28-May-2025 22:08:46 UTC] PHP Fatal error:  Uncaught Error: Call to private SecureSphere_Alerts::__construct() from scope SecureSphere in C:\Users\rahee\Local Sites\securepress-test\app\public\wp-content\plugins\SecureSphere\SecureSphere.php:216
Stack trace:
#0 C:\Users\rahee\Local Sites\securepress-test\app\public\wp-content\plugins\SecureSphere\SecureSphere.php(164): SecureSphere->init_modules()
#1 C:\Users\rahee\Local Sites\securepress-test\app\public\wp-content\plugins\SecureSphere\SecureSphere.php(119): SecureSphere->init_hooks()
#2 C:\Users\rahee\Local Sites\securepress-test\app\public\wp-content\plugins\SecureSphere\SecureSphere.php(112): SecureSphere->__construct()
#3 C:\Users\rahee\Local Sites\securepress-test\app\public\wp-content\plugins\SecureSphere\SecureSphere.php(591): SecureSphere::init()
#4 C:\Users\rahee\Local Sites\securepress-test\app\public\wp-settings.php(545): include_once('C:\\Users\\rahee\\...')
#5 C:\Users\rahee\Local Sites\securepress-test\app\public\wp-config.php(97): require_once('C:\\Users\\rahee\\...')
#6 C:\Users\rahee\Local Sites\securepress-test\app\public\wp-load.php(50): require_once('C:\\Users\\rahee\\...')
#7 C:\Users\rahee\Local Sites\securepress-test\app\public\wp-blog-header.php(13): require_once('C:\\Users\\rahee\\...')
#8 C:\Users\rahee\Local Sites\securepress-test\app\public\index.php(17): require('C:\\Users\\rahee\\...')
#9 {main}
  thrown in C:\Users\rahee\Local Sites\securepress-test\app\public\wp-content\plugins\SecureSphere\SecureSphere.php on line 216
[28-May-2025 22:11:00 UTC] PHP Fatal error:  Uncaught TypeError: call_user_func_array(): Argument #1 ($callback) must be a valid callback, non-static method SecureSphere_Alerts::render_admin_page() cannot be called statically in C:\Users\rahee\Local Sites\securepress-test\app\public\wp-includes\class-wp-hook.php:324
Stack trace:
#0 C:\Users\rahee\Local Sites\securepress-test\app\public\wp-includes\class-wp-hook.php(348): WP_Hook->apply_filters('', Array)
#1 C:\Users\rahee\Local Sites\securepress-test\app\public\wp-includes\plugin.php(517): WP_Hook->do_action(Array)
#2 C:\Users\rahee\Local Sites\securepress-test\app\public\wp-admin\admin.php(260): do_action('admin_page_secu...')
#3 {main}
  thrown in C:\Users\rahee\Local Sites\securepress-test\app\public\wp-includes\class-wp-hook.php on line 324
[28-May-2025 22:11:08 UTC] PHP Fatal error:  Uncaught TypeError: call_user_func_array(): Argument #1 ($callback) must be a valid callback, non-static method SecureSphere_Integrity::render_admin_page() cannot be called statically in C:\Users\rahee\Local Sites\securepress-test\app\public\wp-includes\class-wp-hook.php:324
Stack trace:
#0 C:\Users\rahee\Local Sites\securepress-test\app\public\wp-includes\class-wp-hook.php(348): WP_Hook->apply_filters('', Array)
#1 C:\Users\rahee\Local Sites\securepress-test\app\public\wp-includes\plugin.php(517): WP_Hook->do_action(Array)
#2 C:\Users\rahee\Local Sites\securepress-test\app\public\wp-admin\admin.php(260): do_action('admin_page_secu...')
#3 {main}
  thrown in C:\Users\rahee\Local Sites\securepress-test\app\public\wp-includes\class-wp-hook.php on line 324
[28-May-2025 22:11:12 UTC] PHP Fatal error:  Uncaught TypeError: call_user_func_array(): Argument #1 ($callback) must be a valid callback, non-static method SecureSphere_Alerts::render_admin_page() cannot be called statically in C:\Users\rahee\Local Sites\securepress-test\app\public\wp-includes\class-wp-hook.php:324
Stack trace:
#0 C:\Users\rahee\Local Sites\securepress-test\app\public\wp-includes\class-wp-hook.php(348): WP_Hook->apply_filters('', Array)
#1 C:\Users\rahee\Local Sites\securepress-test\app\public\wp-includes\plugin.php(517): WP_Hook->do_action(Array)
#2 C:\Users\rahee\Local Sites\securepress-test\app\public\wp-admin\admin.php(260): do_action('admin_page_secu...')
#3 {main}
  thrown in C:\Users\rahee\Local Sites\securepress-test\app\public\wp-includes\class-wp-hook.php on line 324
[28-May-2025 22:13:15 UTC] PHP Warning:  Undefined variable $baseline_exists in C:\Users\rahee\Local Sites\securepress-test\app\public\wp-content\plugins\SecureSphere\inc\admin\integrity.php on line 98
[28-May-2025 22:13:15 UTC] PHP Warning:  Undefined variable $baseline_exists in C:\Users\rahee\Local Sites\securepress-test\app\public\wp-content\plugins\SecureSphere\inc\admin\integrity.php on line 100
[28-May-2025 22:13:17 UTC] PHP Warning:  Undefined variable $baseline_exists in C:\Users\rahee\Local Sites\securepress-test\app\public\wp-content\plugins\SecureSphere\inc\admin\integrity.php on line 98
[28-May-2025 22:13:17 UTC] PHP Warning:  Undefined variable $baseline_exists in C:\Users\rahee\Local Sites\securepress-test\app\public\wp-content\plugins\SecureSphere\inc\admin\integrity.php on line 100
[28-May-2025 22:13:20 UTC] PHP Warning:  Undefined variable $baseline_exists in C:\Users\rahee\Local Sites\securepress-test\app\public\wp-content\plugins\SecureSphere\inc\admin\integrity.php on line 98
[28-May-2025 22:13:20 UTC] PHP Warning:  Undefined variable $baseline_exists in C:\Users\rahee\Local Sites\securepress-test\app\public\wp-content\plugins\SecureSphere\inc\admin\integrity.php on line 100
[28-May-2025 22:13:22 UTC] PHP Warning:  Undefined variable $baseline_exists in C:\Users\rahee\Local Sites\securepress-test\app\public\wp-content\plugins\SecureSphere\inc\admin\integrity.php on line 98
[28-May-2025 22:13:22 UTC] PHP Warning:  Undefined variable $baseline_exists in C:\Users\rahee\Local Sites\securepress-test\app\public\wp-content\plugins\SecureSphere\inc\admin\integrity.php on line 100
[28-May-2025 22:13:24 UTC] PHP Warning:  Undefined variable $baseline_exists in C:\Users\rahee\Local Sites\securepress-test\app\public\wp-content\plugins\SecureSphere\inc\admin\integrity.php on line 98
[28-May-2025 22:13:24 UTC] PHP Warning:  Undefined variable $baseline_exists in C:\Users\rahee\Local Sites\securepress-test\app\public\wp-content\plugins\SecureSphere\inc\admin\integrity.php on line 100
[28-May-2025 22:15:23 UTC] PHP Notice:  Function wpdb::prepare was called <strong>incorrectly</strong>. The query argument of wpdb::prepare() must have a placeholder. Please see <a href="https://developer.wordpress.org/advanced-administration/debug/debug-wordpress/">Debugging in WordPress</a> for more information. (This message was added in version 3.9.0.) in C:\Users\rahee\Local Sites\securepress-test\app\public\wp-includes\functions.php on line 6121
[29-May-2025 05:42:02 UTC] PHP Warning:  wp_version_check(): An unexpected error occurred. Something may be wrong with WordPress.org or this server&#8217;s configuration. If you continue to have problems, please try the <a href="https://wordpress.org/support/forums/">support forums</a>. (WordPress could not establish a secure connection to WordPress.org. Please contact your server administrator.) in C:\Users\rahee\Local Sites\securepress-test\app\public\wp-includes\functions.php on line 6121
[29-May-2025 05:42:02 UTC] PHP Warning:  wp_version_check(): An unexpected error occurred. Something may be wrong with WordPress.org or this server&#8217;s configuration. If you continue to have problems, please try the <a href="https://wordpress.org/support/forums/">support forums</a>. (WordPress could not establish a secure connection to WordPress.org. Please contact your server administrator.) in C:\Users\rahee\Local Sites\securepress-test\app\public\wp-includes\functions.php on line 6121
[29-May-2025 05:42:02 UTC] PHP Warning:  wp_version_check(): An unexpected error occurred. Something may be wrong with WordPress.org or this server&#8217;s configuration. If you continue to have problems, please try the <a href="https://wordpress.org/support/forums/">support forums</a>. (WordPress could not establish a secure connection to WordPress.org. Please contact your server administrator.) in C:\Users\rahee\Local Sites\securepress-test\app\public\wp-includes\functions.php on line 6121
[29-May-2025 05:42:05 UTC] PHP Warning:  translations_api(): An unexpected error occurred. Something may be wrong with WordPress.org or this server&#8217;s configuration. If you continue to have problems, please try the <a href="https://wordpress.org/support/forums/">support forums</a>. (WordPress could not establish a secure connection to WordPress.org. Please contact your server administrator.) in C:\Users\rahee\Local Sites\securepress-test\app\public\wp-includes\functions.php on line 6121
[29-May-2025 05:42:06 UTC] PHP Warning:  translations_api(): An unexpected error occurred. Something may be wrong with WordPress.org or this server&#8217;s configuration. If you continue to have problems, please try the <a href="https://wordpress.org/support/forums/">support forums</a>. (WordPress could not establish a secure connection to WordPress.org. Please contact your server administrator.) in C:\Users\rahee\Local Sites\securepress-test\app\public\wp-includes\functions.php on line 6121
[03-Jun-2025 10:54:53 UTC] PHP Warning:  wp_version_check(): An unexpected error occurred. Something may be wrong with WordPress.org or this server&#8217;s configuration. If you continue to have problems, please try the <a href="https://wordpress.org/support/forums/">support forums</a>. (WordPress could not establish a secure connection to WordPress.org. Please contact your server administrator.) in C:\Users\rahee\Local Sites\securepress-test\app\public\wp-includes\functions.php on line 6121
[03-Jun-2025 10:54:53 UTC] PHP Warning:  wp_version_check(): An unexpected error occurred. Something may be wrong with WordPress.org or this server&#8217;s configuration. If you continue to have problems, please try the <a href="https://wordpress.org/support/forums/">support forums</a>. (WordPress could not establish a secure connection to WordPress.org. Please contact your server administrator.) in C:\Users\rahee\Local Sites\securepress-test\app\public\wp-includes\functions.php on line 6121
[03-Jun-2025 10:54:53 UTC] PHP Warning:  wp_version_check(): An unexpected error occurred. Something may be wrong with WordPress.org or this server&#8217;s configuration. If you continue to have problems, please try the <a href="https://wordpress.org/support/forums/">support forums</a>. (WordPress could not establish a secure connection to WordPress.org. Please contact your server administrator.) in C:\Users\rahee\Local Sites\securepress-test\app\public\wp-includes\functions.php on line 6121
[03-Jun-2025 10:54:58 UTC] PHP Warning:  wp_update_plugins(): An unexpected error occurred. Something may be wrong with WordPress.org or this server&#8217;s configuration. If you continue to have problems, please try the <a href="https://wordpress.org/support/forums/">support forums</a>. (WordPress could not establish a secure connection to WordPress.org. Please contact your server administrator.) in C:\Users\rahee\Local Sites\securepress-test\app\public\wp-includes\functions.php on line 6121
[03-Jun-2025 10:54:58 UTC] PHP Warning:  wp_update_themes(): An unexpected error occurred. Something may be wrong with WordPress.org or this server&#8217;s configuration. If you continue to have problems, please try the <a href="https://wordpress.org/support/forums/">support forums</a>. (WordPress could not establish a secure connection to WordPress.org. Please contact your server administrator.) in C:\Users\rahee\Local Sites\securepress-test\app\public\wp-includes\functions.php on line 6121
[03-Jun-2025 10:55:52 UTC] PHP Warning:  wp_version_check(): An unexpected error occurred. Something may be wrong with WordPress.org or this server&#8217;s configuration. If you continue to have problems, please try the <a href="https://wordpress.org/support/forums/">support forums</a>. (WordPress could not establish a secure connection to WordPress.org. Please contact your server administrator.) in C:\Users\rahee\Local Sites\securepress-test\app\public\wp-includes\functions.php on line 6121
[03-Jun-2025 10:55:52 UTC] PHP Notice:  Function wpdb::prepare was called <strong>incorrectly</strong>. The query argument of wpdb::prepare() must have a placeholder. Please see <a href="https://developer.wordpress.org/advanced-administration/debug/debug-wordpress/">Debugging in WordPress</a> for more information. (This message was added in version 3.9.0.) in C:\Users\rahee\Local Sites\securepress-test\app\public\wp-includes\functions.php on line 6121
[03-Jun-2025 10:56:01 UTC] PHP Warning:  get_core_checksums(): An unexpected error occurred. Something may be wrong with WordPress.org or this server&#8217;s configuration. If you continue to have problems, please try the <a href="https://wordpress.org/support/forums/">support forums</a>. (WordPress could not establish a secure connection to WordPress.org. Please contact your server administrator.) in C:\Users\rahee\Local Sites\securepress-test\app\public\wp-includes\functions.php on line 6121
[04-Jun-2025 08:57:49 UTC] Automatic updates starting...
[04-Jun-2025 08:57:49 UTC] Automatic updates complete.
[21-Jun-2025 10:33:14 UTC] PHP Warning:  mysqli_real_connect(): (HY000/2002): No connection could be made because the target machine actively refused it in C:\Users\rahee\Local Sites\securepress-test\app\public\wp-includes\class-wpdb.php on line 1988
[21-Jun-2025 10:33:14 UTC] PHP Notice:  fwrite(): Write of 49 bytes failed with errno=22 Invalid argument in phar://C:/Program Files (x86)/Local/resources/extraResources/bin/wp-cli/wp-cli.phar/vendor/wp-cli/wp-cli/php/WP_CLI/Loggers/Base.php on line 66
